[35m[1mConsolidate compiler generated dependencies of target simple_controller[0m
[35m[1mConsolidate compiler generated dependencies of target noisy_controller[0m
[ 20%] Built target simple_service_server
[ 40%] Built target simple_tf_kinematics
[ 60%] Built target simple_client_server
[ 70%] [32mBuilding CXX object CMakeFiles/simple_controller.dir/src/simple_controller.cpp.o[0m
[ 70%] Built target ament_cmake_python_copy_walle_controller
[ 80%] [32mBuilding CXX object CMakeFiles/noisy_controller.dir/src/noisy_controller.cpp.o[0m
running egg_info
writing walle_controller.egg-info/PKG-INFO
writing dependency_links to walle_controller.egg-info/dependency_links.txt
writing top-level names to walle_controller.egg-info/top_level.txt
reading manifest file 'walle_controller.egg-info/SOURCES.txt'
writing manifest file 'walle_controller.egg-info/SOURCES.txt'
[ 80%] Built target ament_cmake_python_build_walle_controller_egg
In file included from [01m[K/home/bojithakash68/sid_ws/src/walle_controller/src/noisy_controller.cpp:1[m[K:
[01m[K/home/bojithakash68/sid_ws/src/walle_controller/include/walle_controller/noisy_controller.hpp:[m[K In constructor â€˜[01m[KNoisyController::NoisyController(const string&)[m[Kâ€™:
[01m[K/home/bojithakash68/sid_ws/src/walle_controller/include/walle_controller/noisy_controller.hpp:26:12:[m[K [01;35m[Kwarning: [m[Kâ€˜[01m[KNoisyController::left_wheel_prev_pos_[m[Kâ€™ will be initialized after [[01;35m[K]8;;https://gcc.gnu.org/onlinedocs/gcc/Warning-Options.html#index-Wreorder-Wreorder]8;;[m[K]
   26 |     double [01;35m[Kleft_wheel_prev_pos_[m[K;
      |            [01;35m[K^~~~~~~~~~~~~~~~~~~~[m[K
[01m[K/home/bojithakash68/sid_ws/src/walle_controller/include/walle_controller/noisy_controller.hpp:25:12:[m[K [01;35m[Kwarning: [m[K  â€˜[01m[Kdouble NoisyController::right_wheel_prev_pos_[m[Kâ€™ [[01;35m[K]8;;https://gcc.gnu.org/onlinedocs/gcc/Warning-Options.html#index-Wreorder-Wreorder]8;;[m[K]
   25 |     double [01;35m[Kright_wheel_prev_pos_[m[K;
      |            [01;35m[K^~~~~~~~~~~~~~~~~~~~~[m[K
[01m[K/home/bojithakash68/sid_ws/src/walle_controller/src/noisy_controller.cpp:9:1:[m[K [01;35m[Kwarning: [m[K  when initialized here [[01;35m[K]8;;https://gcc.gnu.org/onlinedocs/gcc/Warning-Options.html#index-Wreorder-Wreorder]8;;[m[K]
    9 | [01;35m[KNoisyController[m[K::NoisyController(const std::string& name)
      | [01;35m[K^~~~~~~~~~~~~~~[m[K
[01m[K/home/bojithakash68/sid_ws/src/walle_controller/src/simple_controller.cpp:[m[K In constructor â€˜[01m[KSimpleController::SimpleController(const string&)[m[Kâ€™:
[01m[K/home/bojithakash68/sid_ws/src/walle_controller/src/simple_controller.cpp:28:5:[m[K [01;31m[Kerror: [m[Kâ€˜[01m[Kodom_pub_[m[Kâ€™ was not declared in this scope
   28 |     [01;31m[Kodom_pub_[m[K = create_publisher<nav_msgs::msg::Odometry>("/walle_controller/odom", 10);
      |     [01;31m[K^~~~~~~~~[m[K
[01m[K/home/bojithakash68/sid_ws/src/walle_controller/src/simple_controller.cpp:28:34:[m[K [01;31m[Kerror: [m[Kâ€˜[01m[Knav_msgs[m[Kâ€™ was not declared in this scope
   28 |     odom_pub_ = create_publisher<[01;31m[Knav_msgs[m[K::msg::Odometry>("/walle_controller/odom", 10);
      |                                  [01;31m[K^~~~~~~~[m[K
[01m[K/home/bojithakash68/sid_ws/src/walle_controller/src/simple_controller.cpp:28:17:[m[K [01;31m[Kerror: [m[Kparse error in template argument list
   28 |     odom_pub_ = [01;31m[Kcreate_publisher<nav_msgs::msg::Odometry>[m[K("/walle_controller/odom", 10);
      |                 [01;31m[K^~~~~~~~~~~~~~~~~~~~~~~~~~~~~~~~~~~~~~~~~[m[K
[01m[K/home/bojithakash68/sid_ws/src/walle_controller/src/simple_controller.cpp:28:58:[m[K [01;31m[Kerror: [m[Kno matching function for call to â€˜[01m[KSimpleController::create_publisher<<expression error> >(const char [23], int)[m[Kâ€™
   28 |     odom_pub_ = [01;31m[Kcreate_publisher<nav_msgs::msg::Odometry>("/walle_controller/odom", 10)[m[K;
      |                 [01;31m[K~~~~~~~~~~~~~~~~~~~~~~~~~~~~~~~~~~~~~~~~~^~~~~~~~~~~~~~~~~~~~~~~~~~~~~~[m[K
In file included from [01m[K/opt/ros/humble/include/rclcpp/rclcpp/node.hpp:1321[m[K,
                 from [01m[K/opt/ros/humble/include/rclcpp/rclcpp/executors/single_threaded_executor.hpp:28[m[K,
                 from [01m[K/opt/ros/humble/include/rclcpp/rclcpp/executors.hpp:22[m[K,
                 from [01m[K/opt/ros/humble/include/rclcpp/rclcpp/rclcpp.hpp:155[m[K,
                 from [01m[K/home/bojithakash68/sid_ws/src/walle_controller/include/walle_controller/simple_controller.hpp:4[m[K,
                 from [01m[K/home/bojithakash68/sid_ws/src/walle_controller/src/simple_controller.cpp:1[m[K:
[01m[K/opt/ros/humble/include/rclcpp/rclcpp/node_impl.hpp:73:1:[m[K [01;36m[Knote: [m[Kcandidate: â€˜[01m[Ktemplate<class MessageT, class AllocatorT, class PublisherT> std::shared_ptr<PublisherT> rclcpp::Node::create_publisher(const string&, const rclcpp::QoS&, const rclcpp::PublisherOptionsWithAllocator<AllocatorT>&)[m[Kâ€™
   73 | [01;36m[KNode[m[K::create_publisher(
      | [01;36m[K^~~~[m[K
[01m[K/opt/ros/humble/include/rclcpp/rclcpp/node_impl.hpp:73:1:[m[K [01;36m[Knote: [m[K  template argument deduction/substitution failed:
[01m[K/home/bojithakash68/sid_ws/src/walle_controller/src/simple_controller.cpp:28:58:[m[K [01;31m[Kerror: [m[Ktemplate argument 1 is invalid
   28 |     odom_pub_ = [01;31m[Kcreate_publisher<nav_msgs::msg::Odometry>("/walle_controller/odom", 10)[m[K;
      |                 [01;31m[K~~~~~~~~~~~~~~~~~~~~~~~~~~~~~~~~~~~~~~~~~^~~~~~~~~~~~~~~~~~~~~~~~~~~~~~[m[K
[01m[K/home/bojithakash68/sid_ws/src/walle_controller/src/simple_controller.cpp:33:5:[m[K [01;31m[Kerror: [m[Kâ€˜[01m[Kodom_msg_[m[Kâ€™ was not declared in this scope
   33 |     [01;31m[Kodom_msg_[m[K.header.frame_id = "odom";
      |     [01;31m[K^~~~~~~~~[m[K
[01m[K/home/bojithakash68/sid_ws/src/walle_controller/src/simple_controller.cpp:40:5:[m[K [01;31m[Kerror: [m[Kâ€˜[01m[Ktransform_broadcaster_[m[Kâ€™ was not declared in this scope
   40 |     [01;31m[Ktransform_broadcaster_[m[K = std::make_unique<tf2_ros::TransformBroadcaster>(*this);
      |     [01;31m[K^~~~~~~~~~~~~~~~~~~~~~[m[K
[01m[K/home/bojithakash68/sid_ws/src/walle_controller/src/simple_controller.cpp:40:47:[m[K [01;31m[Kerror: [m[Kâ€˜[01m[Ktf2_ros[m[Kâ€™ was not declared in this scope; did you mean â€˜[01m[Ktf2Cos[m[Kâ€™?
   40 |     transform_broadcaster_ = std::make_unique<[01;31m[Ktf2_ros[m[K::TransformBroadcaster>(*this);
      |                                               [01;31m[K^~~~~~~[m[K
      |                                               [32m[Ktf2Cos[m[K
[01m[K/home/bojithakash68/sid_ws/src/walle_controller/src/simple_controller.cpp:40:35:[m[K [01;31m[Kerror: [m[Kparse error in template argument list
   40 |     transform_broadcaster_ = std::[01;31m[Kmake_unique<tf2_ros::TransformBroadcaster>[m[K(*this);
      |                                   [01;31m[K^~~~~~~~~~~~~~~~~~~~~~~~~~~~~~~~~~~~~~~~~~[m[K
[01m[K/home/bojithakash68/sid_ws/src/walle_controller/src/simple_controller.cpp:40:77:[m[K [01;31m[Kerror: [m[Kno matching function for call to â€˜[01m[Kmake_unique<<expression error> >(SimpleController&)[m[Kâ€™
   40 |     transform_broadcaster_ = [01;31m[Kstd::make_unique<tf2_ros::TransformBroadcaster>(*this)[m[K;
      |                              [01;31m[K~~~~~~~~~~~~~~~~~~~~~~~~~~~~~~~~~~~~~~~~~~~~~~~^~~~~~~[m[K
In file included from [01m[K/usr/include/c++/11/memory:76[m[K,
                 from [01m[K/opt/ros/humble/include/rclcpp/rclcpp/rclcpp.hpp:153[m[K,
                 from [01m[K/home/bojithakash68/sid_ws/src/walle_controller/include/walle_controller/simple_controller.hpp:4[m[K,
                 from [01m[K/home/bojithakash68/sid_ws/src/walle_controller/src/simple_controller.cpp:1[m[K:
[01m[K/usr/include/c++/11/bits/unique_ptr.h:961:5:[m[K [01;36m[Knote: [m[Kcandidate: â€˜[01m[Ktemplate<class _Tp, class ... _Args> typename std::_MakeUniq<_Tp>::__single_object std::make_unique(_Args&& ...)[m[Kâ€™
  961 |     [01;36m[Kmake_unique[m[K(_Args&&... __args)
      |     [01;36m[K^~~~~~~~~~~[m[K
[01m[K/usr/include/c++/11/bits/unique_ptr.h:961:5:[m[K [01;36m[Knote: [m[K  template argument deduction/substitution failed:
[01m[K/home/bojithakash68/sid_ws/src/walle_controller/src/simple_controller.cpp:40:77:[m[K [01;31m[Kerror: [m[Ktemplate argument 1 is invalid
   40 |     transform_broadcaster_ = [01;31m[Kstd::make_unique<tf2_ros::TransformBroadcaster>(*this)[m[K;
      |                              [01;31m[K~~~~~~~~~~~~~~~~~~~~~~~~~~~~~~~~~~~~~~~~~~~~~~~^~~~~~~[m[K
In file included from [01m[K/usr/include/c++/11/memory:76[m[K,
                 from [01m[K/opt/ros/humble/include/rclcpp/rclcpp/rclcpp.hpp:153[m[K,
                 from [01m[K/home/bojithakash68/sid_ws/src/walle_controller/include/walle_controller/simple_controller.hpp:4[m[K,
                 from [01m[K/home/bojithakash68/sid_ws/src/walle_controller/src/simple_controller.cpp:1[m[K:
[01m[K/usr/include/c++/11/bits/unique_ptr.h:967:5:[m[K [01;36m[Knote: [m[Kcandidate: â€˜[01m[Ktemplate<class _Tp> typename std::_MakeUniq<_Tp>::__array std::make_unique(std::size_t)[m[Kâ€™
  967 |     [01;36m[Kmake_unique[m[K(size_t __num)
      |     [01;36m[K^~~~~~~~~~~[m[K
[01m[K/usr/include/c++/11/bits/unique_ptr.h:967:5:[m[K [01;36m[Knote: [m[K  template argument deduction/substitution failed:
[01m[K/home/bojithakash68/sid_ws/src/walle_controller/src/simple_controller.cpp:40:77:[m[K [01;31m[Kerror: [m[Ktemplate argument 1 is invalid
   40 |     transform_broadcaster_ = [01;31m[Kstd::make_unique<tf2_ros::TransformBroadcaster>(*this)[m[K;
      |                              [01;31m[K~~~~~~~~~~~~~~~~~~~~~~~~~~~~~~~~~~~~~~~~~~~~~~~^~~~~~~[m[K
In file included from [01m[K/usr/include/c++/11/memory:76[m[K,
                 from [01m[K/opt/ros/humble/include/rclcpp/rclcpp/rclcpp.hpp:153[m[K,
                 from [01m[K/home/bojithakash68/sid_ws/src/walle_controller/include/walle_controller/simple_controller.hpp:4[m[K,
                 from [01m[K/home/bojithakash68/sid_ws/src/walle_controller/src/simple_controller.cpp:1[m[K:
[01m[K/usr/include/c++/11/bits/unique_ptr.h:973:5:[m[K [01;36m[Knote: [m[Kcandidate: â€˜[01m[Ktemplate<class _Tp, class ... _Args> typename std::_MakeUniq<_Tp>::__invalid_type std::make_unique(_Args&& ...)[m[Kâ€™ (deleted)
  973 |     [01;36m[Kmake_unique[m[K(_Args&&...) = delete;
      |     [01;36m[K^~~~~~~~~~~[m[K
[01m[K/usr/include/c++/11/bits/unique_ptr.h:973:5:[m[K [01;36m[Knote: [m[K  template argument deduction/substitution failed:
[01m[K/home/bojithakash68/sid_ws/src/walle_controller/src/simple_controller.cpp:40:77:[m[K [01;31m[Kerror: [m[Ktemplate argument 1 is invalid
   40 |     transform_broadcaster_ = [01;31m[Kstd::make_unique<tf2_ros::TransformBroadcaster>(*this)[m[K;
      |                              [01;31m[K~~~~~~~~~~~~~~~~~~~~~~~~~~~~~~~~~~~~~~~~~~~~~~~^~~~~~~[m[K
[01m[K/home/bojithakash68/sid_ws/src/walle_controller/src/simple_controller.cpp:41:5:[m[K [01;31m[Kerror: [m[Kâ€˜[01m[Ktransform_stamped_[m[Kâ€™ was not declared in this scope
   41 |     [01;31m[Ktransform_stamped_[m[K.header.frame_id = "odom";
      |     [01;31m[K^~~~~~~~~~~~~~~~~~[m[K
[01m[K/home/bojithakash68/sid_ws/src/walle_controller/src/simple_controller.cpp:[m[K In member function â€˜[01m[Kvoid SimpleController::jointCallback(const JointState&)[m[Kâ€™:
[01m[K/home/bojithakash68/sid_ws/src/walle_controller/src/simple_controller.cpp:85:5:[m[K [01;31m[Kerror: [m[Kâ€˜[01m[Kodom_msg_[m[Kâ€™ was not declared in this scope
   85 |     [01;31m[Kodom_msg_[m[K.header.stamp = get_clock()->now();
      |     [01;31m[K^~~~~~~~~[m[K
[01m[K/home/bojithakash68/sid_ws/src/walle_controller/src/simple_controller.cpp:94:5:[m[K [01;31m[Kerror: [m[Kâ€˜[01m[Kodom_pub_[m[Kâ€™ was not declared in this scope
   94 |     [01;31m[Kodom_pub_[m[K->publish(odom_msg_);
      |     [01;31m[K^~~~~~~~~[m[K
[01m[K/home/bojithakash68/sid_ws/src/walle_controller/src/simple_controller.cpp:96:5:[m[K [01;31m[Kerror: [m[Kâ€˜[01m[Ktransform_stamped_[m[Kâ€™ was not declared in this scope
   96 |     [01;31m[Ktransform_stamped_[m[K.transform.translation.x = x_;
      |     [01;31m[K^~~~~~~~~~~~~~~~~~[m[K
[01m[K/home/bojithakash68/sid_ws/src/walle_controller/src/simple_controller.cpp:103:5:[m[K [01;31m[Kerror: [m[Kâ€˜[01m[Ktransform_broadcaster_[m[Kâ€™ was not declared in this scope
  103 |     [01;31m[Ktransform_broadcaster_[m[K->sendTransform(transform_stamped_);
      |     [01;31m[K^~~~~~~~~~~~~~~~~~~~~~[m[K
gmake[2]: *** [CMakeFiles/simple_controller.dir/build.make:76: CMakeFiles/simple_controller.dir/src/simple_controller.cpp.o] Error 1
gmake[1]: *** [CMakeFiles/Makefile2:200: CMakeFiles/simple_controller.dir/all] Error 2
gmake[1]: *** Waiting for unfinished jobs....
[ 90%] [32m[1mLinking CXX executable noisy_controller[0m
[ 90%] Built target noisy_controller
gmake: *** [Makefile:146: all] Error 2
